[13:00:33] [info] DEAKO: Window Size: (1600, 900)
[13:00:33] [info] DEAKO: Created `deako_editor`!
[13:00:34] [info] DEAKO: Selected physical device: NVIDIA GeForce RTX 4060 Laptop GPU
[13:00:34] [info] DEAKO: [[VULKAN GENERAL INFO]]:
 Inserted device layer "VK_LAYER_KHRONOS_validation" (D:\VulkanSDK\1.3.296.0\Bin\.\VkLayer_khronos_validation.dll)

[13:00:34] [info] DEAKO: [[VULKAN GENERAL INFO]]:
 Failed to find vkGetDeviceProcAddr in layer "C:\Windows\System32\DriverStore\FileRepository\u0408654.inf_amd64_2f85baec148e698a\B408604\.\amdvlk64.dll"

[13:00:34] [info] DEAKO: [[VULKAN GENERAL INFO]]:
 Inserted device layer "VK_LAYER_NV_optimus" (C:\Windows\System32\DriverStore\FileRepository\nvam.inf_amd64_01ad74b93f4cc5fb\.\nvoglv64.dll)

[13:00:34] [info] DEAKO: [[VULKAN GENERAL INFO]]:
 vkCreateDevice layer callstack setup to:

[13:00:34] [info] DEAKO: [[VULKAN GENERAL INFO]]:
    <Application>

[13:00:34] [info] DEAKO: [[VULKAN GENERAL INFO]]:
      ||

[13:00:34] [info] DEAKO: [[VULKAN GENERAL INFO]]:
    <Loader>

[13:00:34] [info] DEAKO: [[VULKAN GENERAL INFO]]:
      ||

[13:00:34] [info] DEAKO: [[VULKAN GENERAL INFO]]:
    VK_LAYER_NV_optimus

[13:00:34] [info] DEAKO: [[VULKAN GENERAL INFO]]:
            Type: Implicit

[13:00:34] [info] DEAKO: [[VULKAN GENERAL INFO]]:
                Disable Env Var:  DISABLE_LAYER_NV_OPTIMUS_1

[13:00:34] [info] DEAKO: [[VULKAN GENERAL INFO]]:
            Manifest: C:\Windows\System32\DriverStore\FileRepository\nvam.inf_amd64_01ad74b93f4cc5fb\nv-vk64.json

[13:00:34] [info] DEAKO: [[VULKAN GENERAL INFO]]:
            Library:  C:\Windows\System32\DriverStore\FileRepository\nvam.inf_amd64_01ad74b93f4cc5fb\.\nvoglv64.dll

[13:00:34] [info] DEAKO: [[VULKAN GENERAL INFO]]:
      ||

[13:00:34] [info] DEAKO: [[VULKAN GENERAL INFO]]:
    VK_LAYER_KHRONOS_validation

[13:00:34] [info] DEAKO: [[VULKAN GENERAL INFO]]:
            Type: Explicit

[13:00:34] [info] DEAKO: [[VULKAN GENERAL INFO]]:
            Manifest: D:\VulkanSDK\1.3.296.0\Bin\VkLayer_khronos_validation.json

[13:00:34] [info] DEAKO: [[VULKAN GENERAL INFO]]:
            Library:  D:\VulkanSDK\1.3.296.0\Bin\.\VkLayer_khronos_validation.dll

[13:00:34] [info] DEAKO: [[VULKAN GENERAL INFO]]:
      ||

[13:00:34] [info] DEAKO: [[VULKAN GENERAL INFO]]:
    <Device>

[13:00:34] [info] DEAKO: [[VULKAN GENERAL INFO]]:
        Using "NVIDIA GeForce RTX 4060 Laptop GPU" with driver: "C:\Windows\System32\DriverStore\FileRepository\nvam.inf_amd64_01ad74b93f4cc5fb\.\nvoglv64.dll"

[13:00:34] [trace] APP: scene layer created
[13:00:34] [trace] APP: gui layer created
[13:00:38] [info] DEAKO: WindowCloseEvent
[13:00:38] [info] DEAKO: VulkanDevice destroyed!
[13:00:38] [info] DEAKO: VulkanSurface destroyed!
[13:00:38] [info] DEAKO: VulkanDebugMessenger destroyed!
[13:00:38] [info] DEAKO: VulkanInstance destroyed!
